<?xml version="1.0" encoding="UTF-8"?>
<testsuite xmlns:xsi="http://www.w3.org/2001/XMLSchema-instance" xsi:noNamespaceSchemaLocation="https://maven.apache.org/surefire/maven-surefire-plugin/xsd/surefire-test-report.xsd" name="TestSuite" time="24.151" tests="6" errors="0" skipped="0" failures="6">
  <properties>
[...]
</properties>
  <testcase name="unsuccessfullogin" classname="com.pack.home.TestExecution.TestRun" time="1.157">
    <failure message="Element not found" type="java.lang.AssertionError">java.lang.AssertionError: Element not found
	at com.pack.home.TestExecution.TestRun.unsuccessfullogin(TestRun.java:28)
</failure>
    <system-out><![CDATA[Selected browser is Chrome
]]></system-out>
    <system-err><![CDATA[Starting ChromeDriver 2.32.498550 (9dec58e66c31bcc53a9ce3c7226f0c1c5810906a) on port 17801
Only local connections are allowed.
Sep 13, 2017 9:06:25 PM org.openqa.selenium.remote.ProtocolHandshake createSession
INFO: Attempting bi-dialect session, assuming Postel's Law holds true on the remote end
log4j:WARN No appenders could be found for logger (org.apache.http.client.protocol.RequestAddCookies).
log4j:WARN Please initialize the log4j system properly.
log4j:WARN See http://logging.apache.org/log4j/1.2/faq.html#noconfig for more info.
Sep 13, 2017 9:06:29 PM org.openqa.selenium.remote.ProtocolHandshake createSession
INFO: Detected dialect: OSS
]]></system-err>
  </testcase>
  <testcase name="login" classname="com.pack.home.TestExecution.TestRun" time="1.012">
    <failure message="Element not found" type="java.lang.AssertionError">java.lang.AssertionError: Element not found
	at com.pack.home.TestExecution.TestRun.login(TestRun.java:37)
</failure>
  </testcase>
  <testcase name="verifyWelcomeMesg" classname="com.pack.home.TestExecution.TestRun" time="0.065">
    <failure message="no such element: Unable to locate element: {&quot;method&quot;:&quot;class name&quot;,&quot;selector&quot;:&quot;currentBillFontforiPhone5&quot;}&#10;  (Session info: chrome=60.0.3112.113)&#10;  (Driver info: chromedriver=2.32.498550 (9dec58e66c31bcc53a9ce3c7226f0c1c5810906a),platform=Windows NT 10.0.15063 x86_64) (WARNING: The server did not provide any stacktrace information)&#10;Command duration or timeout: 50 milliseconds&#10;For documentation on this error, please visit: http://seleniumhq.org/exceptions/no_such_element.html&#10;Build info: version: &apos;3.0.1&apos;, revision: &apos;1969d75&apos;, time: &apos;2016-10-18 09:49:13 -0700&apos;&#10;System info: host: &apos;DESKTOP-UTJTOH1&apos;, ip: &apos;192.168.99.1&apos;, os.name: &apos;Windows 10&apos;, os.arch: &apos;amd64&apos;, os.version: &apos;10.0&apos;, java.version: &apos;1.8.0_131&apos;&#10;Driver info: org.openqa.selenium.chrome.ChromeDriver&#10;Capabilities [{applicationCacheEnabled=false, rotatable=false, mobileEmulationEnabled=false, networkConnectionEnabled=false, chrome={chromedriverVersion=2.32.498550 (9dec58e66c31bcc53a9ce3c7226f0c1c5810906a), userDataDir=C:\Users\ANAND\AppData\Local\Temp\scoped_dir8156_18974}, takesHeapSnapshot=true, pageLoadStrategy=normal, databaseEnabled=false, handlesAlerts=true, hasTouchScreen=false, version=60.0.3112.113, platform=XP, browserConnectionEnabled=false, nativeEvents=true, acceptSslCerts=true, locationContextEnabled=true, webStorageEnabled=true, browserName=chrome, takesScreenshot=true, javascriptEnabled=true, cssSelectorsEnabled=true, setWindowRect=true, unexpectedAlertBehaviour=}]&#10;Session ID: 8bfa5f881a3519712a4084985867d04f&#10;*** Element info: {Using=class name, value=currentBillFontforiPhone5}" type="org.openqa.selenium.NoSuchElementException">org.openqa.selenium.NoSuchElementException: 
no such element: Unable to locate element: {"method":"class name","selector":"currentBillFontforiPhone5"}
  (Session info: chrome=60.0.3112.113)
  (Driver info: chromedriver=2.32.498550 (9dec58e66c31bcc53a9ce3c7226f0c1c5810906a),platform=Windows NT 10.0.15063 x86_64) (WARNING: The server did not provide any stacktrace information)
Command duration or timeout: 50 milliseconds
For documentation on this error, please visit: http://seleniumhq.org/exceptions/no_such_element.html
Build info: version: '3.0.1', revision: '1969d75', time: '2016-10-18 09:49:13 -0700'
System info: host: 'DESKTOP-UTJTOH1', ip: '192.168.99.1', os.name: 'Windows 10', os.arch: 'amd64', os.version: '10.0', java.version: '1.8.0_131'
Driver info: org.openqa.selenium.chrome.ChromeDriver
Capabilities [{applicationCacheEnabled=false, rotatable=false, mobileEmulationEnabled=false, networkConnectionEnabled=false, chrome={chromedriverVersion=2.32.498550 (9dec58e66c31bcc53a9ce3c7226f0c1c5810906a), userDataDir=C:\Users\ANAND\AppData\Local\Temp\scoped_dir8156_18974}, takesHeapSnapshot=true, pageLoadStrategy=normal, databaseEnabled=false, handlesAlerts=true, hasTouchScreen=false, version=60.0.3112.113, platform=XP, browserConnectionEnabled=false, nativeEvents=true, acceptSslCerts=true, locationContextEnabled=true, webStorageEnabled=true, browserName=chrome, takesScreenshot=true, javascriptEnabled=true, cssSelectorsEnabled=true, setWindowRect=true, unexpectedAlertBehaviour=}]
Session ID: 8bfa5f881a3519712a4084985867d04f
*** Element info: {Using=class name, value=currentBillFontforiPhone5}
	at com.pack.home.TestExecution.TestRun.verifyWelcomeMesg(TestRun.java:46)
</failure>
  </testcase>
  <testcase name="clickPayment" classname="com.pack.home.TestExecution.TestRun" time="1.039">
    <failure message="Element not found" type="java.lang.AssertionError">java.lang.AssertionError: Element not found
	at com.pack.home.TestExecution.TestRun.clickPayment(TestRun.java:51)
</failure>
  </testcase>
  <testcase name="clickProfile" classname="com.pack.home.TestExecution.TestRun" time="1.05">
    <failure message="Element not found" type="java.lang.AssertionError">java.lang.AssertionError: Element not found
	at com.pack.home.TestExecution.TestRun.clickProfile(TestRun.java:56)
</failure>
  </testcase>
  <testcase name="logout" classname="com.pack.home.TestExecution.TestRun" time="2.666">
    <failure message="Element not found" type="java.lang.AssertionError">java.lang.AssertionError: Element not found
	at com.pack.home.TestExecution.TestRun.logout(TestRun.java:61)
</failure>
  </testcase>
</testsuite>